[MMP][mmp_fn.cpp:294:        open_channel()]: [34mChannel /tmp/mmp opened
[0m[MMP][mmp_fn.cpp:294:        open_channel()]: [34mChannel /tmp/sch2mmp opened
[0m[MMP][mmp_fn.cpp:294:        open_channel()]: [34mChannel /tmp/mmp2sch opened
[0m[MMP][mmp_fn.cpp:141:        registration()]: [34mRegistration: [id] 0 [pid] 3247
[0m[MMP][mmp_fn.cpp:294:        open_channel()]: [34mChannel /tmp/request_3247 opened
[0m[MMP][mmp_fn.cpp:294:        open_channel()]: [34mChannel /tmp/decision_3247 opened
[0m[MMP][mmp_fn.cpp:152:        registration()]: [34mReqeust/decision channel opened [id] 0 [pid] 3247
[0m[MMP][mmp_fn.cpp:127:   DEBUG_PRINT_PROCS()]: [34mProcess list: {0 / 3247} 
[0m[MMP][mmp_fn.cpp:141:        registration()]: [34mRegistration: [id] 1 [pid] 3248
[0m[MMP][mmp_fn.cpp:294:        open_channel()]: [34mChannel /tmp/request_3248 opened
[0m[MMP][mmp_fn.cpp:294:        open_channel()]: [34mChannel /tmp/decision_3248 opened
[0m[MMP][mmp_fn.cpp:152:        registration()]: [34mReqeust/decision channel opened [id] 1 [pid] 3248
[0m[MMP][mmp_fn.cpp:127:   DEBUG_PRINT_PROCS()]: [34mProcess list: {1 / 3248} {0 / 3247} 
[0m[MMP][mmp_fn.cpp:170:     request_handler()]: [32m[REQEUST 0/3247] Index:   0 API:    _cudaMalloc_ Size:  4000
[0m[MMP][mmp_fn.cpp:170:     request_handler()]: [32m[REQEUST 1/3248] Index:   0 API:    _cudaMalloc_ Size:  4000
[0m[MMP][mmp_fn.cpp:170:     request_handler()]: [32m[REQEUST 0/3247] Index:   1 API:    _cudaMalloc_ Size:  4000
[0m[MMP][mmp_fn.cpp:170:     request_handler()]: [32m[REQEUST 0/3247] Index:   2 API:    _cudaMalloc_ Size:  4000
[0m[MMP][mmp_fn.cpp:170:     request_handler()]: [32m[REQEUST 0/3247] Index:   3 API:    _cudaMalloc_ Size:  4000
[0m[MMP][mmp_fn.cpp:170:     request_handler()]: [32m[REQEUST 0/3247] Index:   4 API:    _cudaMalloc_ Size:  4000
[0m[MMP][mmp_fn.cpp:170:     request_handler()]: [32m[REQEUST 0/3247] Index:   5 API:    _cudaMalloc_ Size:  4000
[0m[MMP][mmp_fn.cpp:170:     request_handler()]: [32m[REQEUST 0/3247] Index:   6 API:    _cudaMalloc_ Size:  4000
[0m[MMP][mmp_fn.cpp:170:     request_handler()]: [32m[REQEUST 0/3247] Index:   7 API:    _cudaMalloc_ Size:  4000
[0m[MMP][mmp_fn.cpp:170:     request_handler()]: [32m[REQEUST 1/3248] Index:   1 API:    _cudaMalloc_ Size:  4000
[0m[MMP][mmp_fn.cpp:170:     request_handler()]: [32m[REQEUST 1/3248] Index:   2 API:    _cudaMalloc_ Size:  4000
[0m[MMP][mmp_fn.cpp:251:             swapout()]: [32m[SWAP OUT] Victim: 3247, Size: 4000, Index: 0 to 0
[0m[MMP][mmp_fn.cpp:170:     request_handler()]: [32m[REQEUST 0/3247] Index:   0 API:      _cudaFree_ Size:     0
[0m[MMP][mmp_fn.cpp:170:     request_handler()]: [32m[REQEUST 0/3247] Index:  -1 API:          _Done_ Size:     0
[0m[MMP][mmp_fn.cpp:173:     request_handler()]: [32mSwap-in/out Done
[0m[MMP][mmp_fn.cpp:170:     request_handler()]: [32m[REQEUST 1/3248] Index:   3 API:    _cudaMalloc_ Size:  4000
[0m[MMP][mmp_fn.cpp:251:             swapout()]: [32m[SWAP OUT] Victim: 3247, Size: 4000, Index: 1 to 1
[0m[MMP][mmp_fn.cpp:170:     request_handler()]: [32m[REQEUST 0/3247] Index:   1 API:      _cudaFree_ Size:     0
[0m[MMP][mmp_fn.cpp:170:     request_handler()]: [32m[REQEUST 0/3247] Index:  -1 API:          _Done_ Size:     0
[0m[MMP][mmp_fn.cpp:173:     request_handler()]: [32mSwap-in/out Done
[0m[MMP][mmp_fn.cpp:170:     request_handler()]: [32m[REQEUST 1/3248] Index:   4 API:    _cudaMalloc_ Size:  4000
[0m[MMP][mmp_fn.cpp:251:             swapout()]: [32m[SWAP OUT] Victim: 3247, Size: 4000, Index: 2 to 2
[0m[MMP][mmp_fn.cpp:170:     request_handler()]: [32m[REQEUST 0/3247] Index:   2 API:      _cudaFree_ Size:     0
[0m[MMP][mmp_fn.cpp:170:     request_handler()]: [32m[REQEUST 0/3247] Index:  -1 API:          _Done_ Size:     0
[0m[MMP][mmp_fn.cpp:173:     request_handler()]: [32mSwap-in/out Done
[0m[MMP][mmp_fn.cpp:170:     request_handler()]: [32m[REQEUST 1/3248] Index:   5 API:    _cudaMalloc_ Size:  4000
[0m[MMP][mmp_fn.cpp:251:             swapout()]: [32m[SWAP OUT] Victim: 3247, Size: 4000, Index: 3 to 3
[0m[MMP][mmp_fn.cpp:170:     request_handler()]: [32m[REQEUST 0/3247] Index:   3 API:      _cudaFree_ Size:     0
[0m[MMP][mmp_fn.cpp:170:     request_handler()]: [32m[REQEUST 0/3247] Index:  -1 API:          _Done_ Size:     0
[0m[MMP][mmp_fn.cpp:173:     request_handler()]: [32mSwap-in/out Done
[0m[MMP][mmp_fn.cpp:170:     request_handler()]: [32m[REQEUST 1/3248] Index:   6 API:    _cudaMalloc_ Size:  4000
[0m[MMP][mmp_fn.cpp:251:             swapout()]: [32m[SWAP OUT] Victim: 3247, Size: 4000, Index: 4 to 4
[0m[MMP][mmp_fn.cpp:170:     request_handler()]: [32m[REQEUST 0/3247] Index:   4 API:      _cudaFree_ Size:     0
[0m[MMP][mmp_fn.cpp:170:     request_handler()]: [32m[REQEUST 0/3247] Index:  -1 API:          _Done_ Size:     0
[0m[MMP][mmp_fn.cpp:173:     request_handler()]: [32mSwap-in/out Done
[0m[MMP][mmp_fn.cpp:170:     request_handler()]: [32m[REQEUST 1/3248] Index:   7 API:    _cudaMalloc_ Size:  4000
[0m[MMP][mmp_fn.cpp:251:             swapout()]: [32m[SWAP OUT] Victim: 3247, Size: 4000, Index: 5 to 5
[0m[MMP][mmp_fn.cpp:170:     request_handler()]: [32m[REQEUST 0/3247] Index:   5 API:      _cudaFree_ Size:     0
[0m[MMP][mmp_fn.cpp:170:     request_handler()]: [32m[REQEUST 0/3247] Index:  -1 API:          _Done_ Size:     0
[0m[MMP][mmp_fn.cpp:173:     request_handler()]: [32mSwap-in/out Done
[0m[MMP][mmp_fn.cpp:170:     request_handler()]: [32m[REQEUST 0/3247] Index:   8 API:    _cudaMalloc_ Size:  4000
[0m[MMP][mmp_fn.cpp:251:             swapout()]: [32m[SWAP OUT] Victim: 3248, Size: 4000, Index: 0 to 0
[0m[MMP][mmp_fn.cpp:170:     request_handler()]: [32m[REQEUST 1/3248] Index:   0 API:      _cudaFree_ Size:     0
[0m[MMP][mmp_fn.cpp:170:     request_handler()]: [32m[REQEUST 1/3248] Index:  -1 API:          _Done_ Size:     0
[0m[MMP][mmp_fn.cpp:173:     request_handler()]: [32mSwap-in/out Done
[0m[MMP][mmp_fn.cpp:170:     request_handler()]: [32m[REQEUST 0/3247] Index:   9 API:    _cudaMalloc_ Size:  4000
[0m[MMP][mmp_fn.cpp:251:             swapout()]: [32m[SWAP OUT] Victim: 3248, Size: 4000, Index: 1 to 1
[0m[MMP][mmp_fn.cpp:170:     request_handler()]: [32m[REQEUST 1/3248] Index:   1 API:      _cudaFree_ Size:     0
[0m[MMP][mmp_fn.cpp:170:     request_handler()]: [32m[REQEUST 1/3248] Index:  -1 API:          _Done_ Size:     0
[0m[MMP][mmp_fn.cpp:173:     request_handler()]: [32mSwap-in/out Done
[0m[MMP][mmp_fn.cpp:170:     request_handler()]: [32m[REQEUST 0/3247] Index:  10 API:    _cudaMalloc_ Size:  4000
[0m[MMP][mmp_fn.cpp:251:             swapout()]: [32m[SWAP OUT] Victim: 3248, Size: 4000, Index: 2 to 2
[0m[MMP][mmp_fn.cpp:170:     request_handler()]: [32m[REQEUST 1/3248] Index:   2 API:      _cudaFree_ Size:     0
[0m[MMP][mmp_fn.cpp:170:     request_handler()]: [32m[REQEUST 1/3248] Index:  -1 API:          _Done_ Size:     0
[0m[MMP][mmp_fn.cpp:173:     request_handler()]: [32mSwap-in/out Done
[0m[MMP][mmp_fn.cpp:170:     request_handler()]: [32m[REQEUST 0/3247] Index:  11 API:    _cudaMalloc_ Size:  4000
[0m[MMP][mmp_fn.cpp:251:             swapout()]: [32m[SWAP OUT] Victim: 3248, Size: 4000, Index: 3 to 3
[0m[MMP][mmp_fn.cpp:170:     request_handler()]: [32m[REQEUST 1/3248] Index:   3 API:      _cudaFree_ Size:     0
[0m[MMP][mmp_fn.cpp:170:     request_handler()]: [32m[REQEUST 1/3248] Index:  -1 API:          _Done_ Size:     0
[0m[MMP][mmp_fn.cpp:173:     request_handler()]: [32mSwap-in/out Done
[0m[MMP][mmp_fn.cpp:170:     request_handler()]: [32m[REQEUST 0/3247] Index:  12 API:    _cudaMalloc_ Size:  4000
[0m[MMP][mmp_fn.cpp:251:             swapout()]: [32m[SWAP OUT] Victim: 3248, Size: 4000, Index: 4 to 4
[0m[MMP][mmp_fn.cpp:170:     request_handler()]: [32m[REQEUST 1/3248] Index:   4 API:      _cudaFree_ Size:     0
[0m[MMP][mmp_fn.cpp:170:     request_handler()]: [32m[REQEUST 1/3248] Index:  -1 API:          _Done_ Size:     0
[0m[MMP][mmp_fn.cpp:173:     request_handler()]: [32mSwap-in/out Done
[0m[MMP][mmp_fn.cpp:170:     request_handler()]: [32m[REQEUST 0/3247] Index:  13 API:    _cudaMalloc_ Size:  4000
[0m[MMP][mmp_fn.cpp:251:             swapout()]: [32m[SWAP OUT] Victim: 3248, Size: 4000, Index: 5 to 5
[0m[MMP][mmp_fn.cpp:170:     request_handler()]: [32m[REQEUST 1/3248] Index:   5 API:      _cudaFree_ Size:     0
[0m[MMP][mmp_fn.cpp:170:     request_handler()]: [32m[REQEUST 1/3248] Index:  -1 API:          _Done_ Size:     0
[0m[MMP][mmp_fn.cpp:173:     request_handler()]: [32mSwap-in/out Done
[0m[MMP][mmp_fn.cpp:170:     request_handler()]: [32m[REQEUST 0/3247] Index:  -1 API:          _Done_ Size:     0
[0m[MMP][mmp_fn.cpp:173:     request_handler()]: [32mSwap-in/out Done
[0m[MMP][mmp_fn.cpp:170:     request_handler()]: [32m[REQEUST 1/3248] Index:   8 API:    _cudaMalloc_ Size:  4000
[0m[MMP][mmp_fn.cpp:251:             swapout()]: [32m[SWAP OUT] Victim: 3247, Size: 4000, Index: 6 to 6
[0m[MMP][mmp_fn.cpp:170:     request_handler()]: [32m[REQEUST 0/3247] Index:   6 API:      _cudaFree_ Size:     0
[0m[MMP][mmp_fn.cpp:170:     request_handler()]: [32m[REQEUST 0/3247] Index:  -1 API:          _Done_ Size:     0
[0m[MMP][mmp_fn.cpp:173:     request_handler()]: [32mSwap-in/out Done
[0m[MMP][mmp_fn.cpp:170:     request_handler()]: [32m[REQEUST 1/3248] Index:   9 API:    _cudaMalloc_ Size:  4000
[0m[MMP][mmp_fn.cpp:251:             swapout()]: [32m[SWAP OUT] Victim: 3247, Size: 4000, Index: 7 to 7
[0m[MMP][mmp_fn.cpp:170:     request_handler()]: [32m[REQEUST 0/3247] Index:   7 API:      _cudaFree_ Size:     0
[0m[MMP][mmp_fn.cpp:170:     request_handler()]: [32m[REQEUST 0/3247] Index:  -1 API:          _Done_ Size:     0
[0m[MMP][mmp_fn.cpp:173:     request_handler()]: [32mSwap-in/out Done
[0m[MMP][mmp_fn.cpp:170:     request_handler()]: [32m[REQEUST 1/3248] Index:  10 API:    _cudaMalloc_ Size:  4000
[0m[MMP][mmp_fn.cpp:251:             swapout()]: [32m[SWAP OUT] Victim: 3247, Size: 4000, Index: 8 to 8
[0m[MMP][mmp_fn.cpp:170:     request_handler()]: [32m[REQEUST 0/3247] Index:   8 API:      _cudaFree_ Size:     0
[0m[MMP][mmp_fn.cpp:170:     request_handler()]: [32m[REQEUST 0/3247] Index:  -1 API:          _Done_ Size:     0
[0m[MMP][mmp_fn.cpp:173:     request_handler()]: [32mSwap-in/out Done
[0m[MMP][mmp_fn.cpp:170:     request_handler()]: [32m[REQEUST 1/3248] Index:  11 API:    _cudaMalloc_ Size:  4000
[0m[MMP][mmp_fn.cpp:251:             swapout()]: [32m[SWAP OUT] Victim: 3247, Size: 4000, Index: 9 to 9
[0m[MMP][mmp_fn.cpp:170:     request_handler()]: [32m[REQEUST 0/3247] Index:   9 API:      _cudaFree_ Size:     0
[0m[MMP][mmp_fn.cpp:170:     request_handler()]: [32m[REQEUST 0/3247] Index:  -1 API:          _Done_ Size:     0
[0m[MMP][mmp_fn.cpp:173:     request_handler()]: [32mSwap-in/out Done
[0m[MMP][mmp_fn.cpp:170:     request_handler()]: [32m[REQEUST 1/3248] Index:  12 API:    _cudaMalloc_ Size:  4000
[0m[MMP][mmp_fn.cpp:251:             swapout()]: [32m[SWAP OUT] Victim: 3247, Size: 4000, Index: 10 to 10
[0m[MMP][mmp_fn.cpp:170:     request_handler()]: [32m[REQEUST 0/3247] Index:  10 API:      _cudaFree_ Size:     0
[0m[MMP][mmp_fn.cpp:170:     request_handler()]: [32m[REQEUST 0/3247] Index:  -1 API:          _Done_ Size:     0
[0m[MMP][mmp_fn.cpp:173:     request_handler()]: [32mSwap-in/out Done
[0m[MMP][mmp_fn.cpp:170:     request_handler()]: [32m[REQEUST 1/3248] Index:  13 API:    _cudaMalloc_ Size:  4000
[0m[MMP][mmp_fn.cpp:251:             swapout()]: [32m[SWAP OUT] Victim: 3247, Size: 4000, Index: 11 to 11
[0m[MMP][mmp_fn.cpp:170:     request_handler()]: [32m[REQEUST 0/3247] Index:  11 API:      _cudaFree_ Size:     0
[0m[MMP][mmp_fn.cpp:170:     request_handler()]: [32m[REQEUST 0/3247] Index:  -1 API:          _Done_ Size:     0
[0m[MMP][mmp_fn.cpp:173:     request_handler()]: [32mSwap-in/out Done
[0m[MMP][mmp_fn.cpp:170:     request_handler()]: [32m[REQEUST 1/3248] Index:  -1 API:          _Done_ Size:     0
[0m[MMP][mmp_fn.cpp:173:     request_handler()]: [32mSwap-in/out Done
[0m[MMP][mmp_fn.cpp:170:     request_handler()]: [32m[REQEUST 0/3247] Index:  14 API:    _cudaMalloc_ Size:  4000
[0m[MMP][mmp_fn.cpp:251:             swapout()]: [32m[SWAP OUT] Victim: 3248, Size: 4000, Index: 6 to 6
[0m[MMP][mmp_fn.cpp:170:     request_handler()]: [32m[REQEUST 1/3248] Index:   6 API:      _cudaFree_ Size:     0
[0m[MMP][mmp_fn.cpp:170:     request_handler()]: [32m[REQEUST 1/3248] Index:  -1 API:          _Done_ Size:     0
[0m[MMP][mmp_fn.cpp:173:     request_handler()]: [32mSwap-in/out Done
[0m[MMP][mmp_fn.cpp:170:     request_handler()]: [32m[REQEUST 0/3247] Index:  15 API:    _cudaMalloc_ Size:  4000
[0m[MMP][mmp_fn.cpp:251:             swapout()]: [32m[SWAP OUT] Victim: 3248, Size: 4000, Index: 7 to 7
[0m[MMP][mmp_fn.cpp:170:     request_handler()]: [32m[REQEUST 1/3248] Index:   7 API:      _cudaFree_ Size:     0
[0m[MMP][mmp_fn.cpp:170:     request_handler()]: [32m[REQEUST 1/3248] Index:  -1 API:          _Done_ Size:     0
[0m[MMP][mmp_fn.cpp:173:     request_handler()]: [32mSwap-in/out Done
[0m[MMP][mmp_fn.cpp:170:     request_handler()]: [32m[REQEUST 0/3247] Index:  16 API:    _cudaMalloc_ Size:  4000
[0m[MMP][mmp_fn.cpp:251:             swapout()]: [32m[SWAP OUT] Victim: 3248, Size: 4000, Index: 8 to 8
[0m[MMP][mmp_fn.cpp:170:     request_handler()]: [32m[REQEUST 1/3248] Index:   8 API:      _cudaFree_ Size:     0
[0m[MMP][mmp_fn.cpp:170:     request_handler()]: [32m[REQEUST 1/3248] Index:  -1 API:          _Done_ Size:     0
[0m[MMP][mmp_fn.cpp:173:     request_handler()]: [32mSwap-in/out Done
[0m[MMP][mmp_fn.cpp:170:     request_handler()]: [32m[REQEUST 0/3247] Index:  17 API:    _cudaMalloc_ Size:  4000
[0m[MMP][mmp_fn.cpp:251:             swapout()]: [32m[SWAP OUT] Victim: 3248, Size: 4000, Index: 9 to 9
[0m[MMP][mmp_fn.cpp:170:     request_handler()]: [32m[REQEUST 1/3248] Index:   9 API:      _cudaFree_ Size:     0
[0m[MMP][mmp_fn.cpp:170:     request_handler()]: [32m[REQEUST 1/3248] Index:  -1 API:          _Done_ Size:     0
[0m[MMP][mmp_fn.cpp:173:     request_handler()]: [32mSwap-in/out Done
[0m[MMP][mmp_fn.cpp:170:     request_handler()]: [32m[REQEUST 0/3247] Index:  18 API:    _cudaMalloc_ Size:  4000
[0m[MMP][mmp_fn.cpp:251:             swapout()]: [32m[SWAP OUT] Victim: 3248, Size: 4000, Index: 10 to 10
[0m[MMP][mmp_fn.cpp:170:     request_handler()]: [32m[REQEUST 1/3248] Index:  10 API:      _cudaFree_ Size:     0
[0m[MMP][mmp_fn.cpp:170:     request_handler()]: [32m[REQEUST 1/3248] Index:  -1 API:          _Done_ Size:     0
[0m[MMP][mmp_fn.cpp:173:     request_handler()]: [32mSwap-in/out Done
[0m[MMP][mmp_fn.cpp:170:     request_handler()]: [32m[REQEUST 0/3247] Index:  19 API:    _cudaMalloc_ Size:  4000
[0m[MMP][mmp_fn.cpp:251:             swapout()]: [32m[SWAP OUT] Victim: 3248, Size: 4000, Index: 11 to 11
[0m[MMP][mmp_fn.cpp:170:     request_handler()]: [32m[REQEUST 1/3248] Index:  11 API:      _cudaFree_ Size:     0
[0m[MMP][mmp_fn.cpp:170:     request_handler()]: [32m[REQEUST 1/3248] Index:  -1 API:          _Done_ Size:     0
[0m[MMP][mmp_fn.cpp:173:     request_handler()]: [32mSwap-in/out Done
[0m[MMP][mmp_fn.cpp:170:     request_handler()]: [32m[REQEUST 0/3247] Index:  -1 API:          _Done_ Size:     0
[0m[MMP][mmp_fn.cpp:173:     request_handler()]: [32mSwap-in/out Done
[0m[MMP][mmp_fn.cpp:170:     request_handler()]: [32m[REQEUST 1/3248] Index:  14 API:    _cudaMalloc_ Size:  4000
[0m[MMP][mmp_fn.cpp:251:             swapout()]: [32m[SWAP OUT] Victim: 3247, Size: 4000, Index: 12 to 12
[0m[MMP][mmp_fn.cpp:170:     request_handler()]: [32m[REQEUST 0/3247] Index:  12 API:      _cudaFree_ Size:     0
[0m[MMP][mmp_fn.cpp:170:     request_handler()]: [32m[REQEUST 0/3247] Index:  -1 API:          _Done_ Size:     0
[0m[MMP][mmp_fn.cpp:173:     request_handler()]: [32mSwap-in/out Done
[0m[MMP][mmp_fn.cpp:170:     request_handler()]: [32m[REQEUST 1/3248] Index:  15 API:    _cudaMalloc_ Size:  4000
[0m[MMP][mmp_fn.cpp:251:             swapout()]: [32m[SWAP OUT] Victim: 3247, Size: 4000, Index: 13 to 13
[0m[MMP][mmp_fn.cpp:170:     request_handler()]: [32m[REQEUST 0/3247] Index:  13 API:      _cudaFree_ Size:     0
[0m[MMP][mmp_fn.cpp:170:     request_handler()]: [32m[REQEUST 0/3247] Index:  -1 API:          _Done_ Size:     0
[0m[MMP][mmp_fn.cpp:173:     request_handler()]: [32mSwap-in/out Done
[0m[MMP][mmp_fn.cpp:170:     request_handler()]: [32m[REQEUST 1/3248] Index:  16 API:    _cudaMalloc_ Size:  4000
[0m[MMP][mmp_fn.cpp:251:             swapout()]: [32m[SWAP OUT] Victim: 3247, Size: 4000, Index: 14 to 14
[0m[MMP][mmp_fn.cpp:170:     request_handler()]: [32m[REQEUST 0/3247] Index:  14 API:      _cudaFree_ Size:     0
[0m[MMP][mmp_fn.cpp:170:     request_handler()]: [32m[REQEUST 0/3247] Index:  -1 API:          _Done_ Size:     0
[0m[MMP][mmp_fn.cpp:173:     request_handler()]: [32mSwap-in/out Done
[0m[MMP][mmp_fn.cpp:170:     request_handler()]: [32m[REQEUST 1/3248] Index:  17 API:    _cudaMalloc_ Size:  4000
[0m[MMP][mmp_fn.cpp:251:             swapout()]: [32m[SWAP OUT] Victim: 3247, Size: 4000, Index: 15 to 15
[0m[MMP][mmp_fn.cpp:170:     request_handler()]: [32m[REQEUST 0/3247] Index:  15 API:      _cudaFree_ Size:     0
[0m[MMP][mmp_fn.cpp:170:     request_handler()]: [32m[REQEUST 0/3247] Index:  -1 API:          _Done_ Size:     0
[0m[MMP][mmp_fn.cpp:173:     request_handler()]: [32mSwap-in/out Done
[0m[MMP][mmp_fn.cpp:170:     request_handler()]: [32m[REQEUST 1/3248] Index:  18 API:    _cudaMalloc_ Size:  4000
[0m[MMP][mmp_fn.cpp:251:             swapout()]: [32m[SWAP OUT] Victim: 3247, Size: 4000, Index: 16 to 16
[0m[MMP][mmp_fn.cpp:170:     request_handler()]: [32m[REQEUST 0/3247] Index:  16 API:      _cudaFree_ Size:     0
[0m[MMP][mmp_fn.cpp:170:     request_handler()]: [32m[REQEUST 0/3247] Index:  -1 API:          _Done_ Size:     0
[0m[MMP][mmp_fn.cpp:173:     request_handler()]: [32mSwap-in/out Done
[0m[MMP][mmp_fn.cpp:170:     request_handler()]: [32m[REQEUST 1/3248] Index:  19 API:    _cudaMalloc_ Size:  4000
[0m[MMP][mmp_fn.cpp:251:             swapout()]: [32m[SWAP OUT] Victim: 3247, Size: 4000, Index: 17 to 17
[0m[MMP][mmp_fn.cpp:170:     request_handler()]: [32m[REQEUST 0/3247] Index:  17 API:      _cudaFree_ Size:     0
[0m[MMP][mmp_fn.cpp:170:     request_handler()]: [32m[REQEUST 0/3247] Index:  -1 API:          _Done_ Size:     0
[0m[MMP][mmp_fn.cpp:173:     request_handler()]: [32mSwap-in/out Done
[0m[MMP][mmp_fn.cpp:170:     request_handler()]: [32m[REQEUST 1/3248] Index:  -1 API:          _Done_ Size:     0
[0m[MMP][mmp_fn.cpp:173:     request_handler()]: [32mSwap-in/out Done
[0m[MMP][mmp_fn.cpp:170:     request_handler()]: [32m[REQEUST 0/3247] Index:  20 API:    _cudaMalloc_ Size:  4000
[0m[MMP][mmp_fn.cpp:251:             swapout()]: [32m[SWAP OUT] Victim: 3248, Size: 4000, Index: 12 to 12
[0m[MMP][mmp_fn.cpp:170:     request_handler()]: [32m[REQEUST 1/3248] Index:  12 API:      _cudaFree_ Size:     0
[0m[MMP][mmp_fn.cpp:170:     request_handler()]: [32m[REQEUST 1/3248] Index:  -1 API:          _Done_ Size:     0
[0m[MMP][mmp_fn.cpp:173:     request_handler()]: [32mSwap-in/out Done
[0m[MMP][mmp_fn.cpp:170:     request_handler()]: [32m[REQEUST 0/3247] Index:  21 API:    _cudaMalloc_ Size:  4000
[0m[MMP][mmp_fn.cpp:251:             swapout()]: [32m[SWAP OUT] Victim: 3248, Size: 4000, Index: 13 to 13
[0m[MMP][mmp_fn.cpp:170:     request_handler()]: [32m[REQEUST 1/3248] Index:  13 API:      _cudaFree_ Size:     0
[0m[MMP][mmp_fn.cpp:170:     request_handler()]: [32m[REQEUST 1/3248] Index:  -1 API:          _Done_ Size:     0
[0m[MMP][mmp_fn.cpp:173:     request_handler()]: [32mSwap-in/out Done
[0m[MMP][mmp_fn.cpp:170:     request_handler()]: [32m[REQEUST 0/3247] Index:  22 API:    _cudaMalloc_ Size:  4000
[0m[MMP][mmp_fn.cpp:251:             swapout()]: [32m[SWAP OUT] Victim: 3248, Size: 4000, Index: 14 to 14
[0m[MMP][mmp_fn.cpp:170:     request_handler()]: [32m[REQEUST 1/3248] Index:  14 API:      _cudaFree_ Size:     0
[0m[MMP][mmp_fn.cpp:170:     request_handler()]: [32m[REQEUST 1/3248] Index:  -1 API:          _Done_ Size:     0
[0m[MMP][mmp_fn.cpp:173:     request_handler()]: [32mSwap-in/out Done
[0m[MMP][mmp_fn.cpp:170:     request_handler()]: [32m[REQEUST 0/3247] Index:  23 API:    _cudaMalloc_ Size:  4000
[0m[MMP][mmp_fn.cpp:251:             swapout()]: [32m[SWAP OUT] Victim: 3248, Size: 4000, Index: 15 to 15
[0m[MMP][mmp_fn.cpp:170:     request_handler()]: [32m[REQEUST 1/3248] Index:  15 API:      _cudaFree_ Size:     0
[0m[MMP][mmp_fn.cpp:170:     request_handler()]: [32m[REQEUST 1/3248] Index:  -1 API:          _Done_ Size:     0
[0m[MMP][mmp_fn.cpp:173:     request_handler()]: [32mSwap-in/out Done
[0m[MMP][mmp_fn.cpp:170:     request_handler()]: [32m[REQEUST 0/3247] Index:  24 API:    _cudaMalloc_ Size:  4000
[0m[MMP][mmp_fn.cpp:251:             swapout()]: [32m[SWAP OUT] Victim: 3248, Size: 4000, Index: 16 to 16
[0m[MMP][mmp_fn.cpp:170:     request_handler()]: [32m[REQEUST 1/3248] Index:  16 API:      _cudaFree_ Size:     0
[0m[MMP][mmp_fn.cpp:170:     request_handler()]: [32m[REQEUST 1/3248] Index:  -1 API:          _Done_ Size:     0
[0m[MMP][mmp_fn.cpp:173:     request_handler()]: [32mSwap-in/out Done
[0m[MMP][mmp_fn.cpp:170:     request_handler()]: [32m[REQEUST 0/3247] Index:  25 API:    _cudaMalloc_ Size:  4000
[0m[MMP][mmp_fn.cpp:251:             swapout()]: [32m[SWAP OUT] Victim: 3248, Size: 4000, Index: 17 to 17
[0m[MMP][mmp_fn.cpp:170:     request_handler()]: [32m[REQEUST 1/3248] Index:  17 API:      _cudaFree_ Size:     0
[0m[MMP][mmp_fn.cpp:170:     request_handler()]: [32m[REQEUST 1/3248] Index:  -1 API:          _Done_ Size:     0
[0m[MMP][mmp_fn.cpp:173:     request_handler()]: [32mSwap-in/out Done
[0m[MMP][mmp_fn.cpp:170:     request_handler()]: [32m[REQEUST 0/3247] Index:  -1 API:          _Done_ Size:     0
[0m[MMP][mmp_fn.cpp:173:     request_handler()]: [32mSwap-in/out Done
[0m[MMP][mmp_fn.cpp:170:     request_handler()]: [32m[REQEUST 1/3248] Index:  20 API:    _cudaMalloc_ Size:  4000
[0m[MMP][mmp_fn.cpp:251:             swapout()]: [32m[SWAP OUT] Victim: 3247, Size: 4000, Index: 18 to 18
[0m[MMP][mmp_fn.cpp:170:     request_handler()]: [32m[REQEUST 0/3247] Index:  18 API:      _cudaFree_ Size:     0
[0m[MMP][mmp_fn.cpp:170:     request_handler()]: [32m[REQEUST 0/3247] Index:  -1 API:          _Done_ Size:     0
[0m[MMP][mmp_fn.cpp:173:     request_handler()]: [32mSwap-in/out Done
[0m[MMP][mmp_fn.cpp:170:     request_handler()]: [32m[REQEUST 1/3248] Index:  21 API:    _cudaMalloc_ Size:  4000
[0m[MMP][mmp_fn.cpp:251:             swapout()]: [32m[SWAP OUT] Victim: 3247, Size: 4000, Index: 19 to 19
[0m[MMP][mmp_fn.cpp:170:     request_handler()]: [32m[REQEUST 0/3247] Index:  19 API:      _cudaFree_ Size:     0
[0m[MMP][mmp_fn.cpp:170:     request_handler()]: [32m[REQEUST 0/3247] Index:  -1 API:          _Done_ Size:     0
[0m[MMP][mmp_fn.cpp:173:     request_handler()]: [32mSwap-in/out Done
[0m[MMP][mmp_fn.cpp:170:     request_handler()]: [32m[REQEUST 1/3248] Index:  22 API:    _cudaMalloc_ Size:  4000
[0m[MMP][mmp_fn.cpp:251:             swapout()]: [32m[SWAP OUT] Victim: 3247, Size: 4000, Index: 20 to 20
[0m[MMP][mmp_fn.cpp:170:     request_handler()]: [32m[REQEUST 0/3247] Index:  20 API:      _cudaFree_ Size:     0
[0m[MMP][mmp_fn.cpp:170:     request_handler()]: [32m[REQEUST 0/3247] Index:  -1 API:          _Done_ Size:     0
[0m[MMP][mmp_fn.cpp:173:     request_handler()]: [32mSwap-in/out Done
[0m[MMP][mmp_fn.cpp:170:     request_handler()]: [32m[REQEUST 1/3248] Index:  23 API:    _cudaMalloc_ Size:  4000
[0m[MMP][mmp_fn.cpp:251:             swapout()]: [32m[SWAP OUT] Victim: 3247, Size: 4000, Index: 21 to 21
[0m[MMP][mmp_fn.cpp:170:     request_handler()]: [32m[REQEUST 0/3247] Index:  21 API:      _cudaFree_ Size:     0
[0m[MMP][mmp_fn.cpp:170:     request_handler()]: [32m[REQEUST 0/3247] Index:  -1 API:          _Done_ Size:     0
[0m[MMP][mmp_fn.cpp:173:     request_handler()]: [32mSwap-in/out Done
[0m[MMP][mmp_fn.cpp:170:     request_handler()]: [32m[REQEUST 1/3248] Index:  24 API:    _cudaMalloc_ Size:  4000
[0m[MMP][mmp_fn.cpp:251:             swapout()]: [32m[SWAP OUT] Victim: 3247, Size: 4000, Index: 22 to 22
[0m[MMP][mmp_fn.cpp:170:     request_handler()]: [32m[REQEUST 0/3247] Index:  22 API:      _cudaFree_ Size:     0
[0m[MMP][mmp_fn.cpp:170:     request_handler()]: [32m[REQEUST 0/3247] Index:  -1 API:          _Done_ Size:     0
[0m[MMP][mmp_fn.cpp:173:     request_handler()]: [32mSwap-in/out Done
[0m[MMP][mmp_fn.cpp:170:     request_handler()]: [32m[REQEUST 1/3248] Index:  25 API:    _cudaMalloc_ Size:  4000
[0m[MMP][mmp_fn.cpp:251:             swapout()]: [32m[SWAP OUT] Victim: 3247, Size: 4000, Index: 23 to 23
[0m[MMP][mmp_fn.cpp:170:     request_handler()]: [32m[REQEUST 0/3247] Index:  23 API:      _cudaFree_ Size:     0
[0m[MMP][mmp_fn.cpp:170:     request_handler()]: [32m[REQEUST 0/3247] Index:  -1 API:          _Done_ Size:     0
[0m[MMP][mmp_fn.cpp:173:     request_handler()]: [32mSwap-in/out Done
[0m[MMP][mmp_fn.cpp:170:     request_handler()]: [32m[REQEUST 1/3248] Index:  -1 API:          _Done_ Size:     0
[0m[MMP][mmp_fn.cpp:173:     request_handler()]: [32mSwap-in/out Done
[0m[MMP][mmp_fn.cpp:170:     request_handler()]: [32m[REQEUST 0/3247] Index:  26 API:    _cudaMalloc_ Size:  4000
[0m[MMP][mmp_fn.cpp:251:             swapout()]: [32m[SWAP OUT] Victim: 3248, Size: 4000, Index: 18 to 18
[0m[MMP][mmp_fn.cpp:170:     request_handler()]: [32m[REQEUST 1/3248] Index:  18 API:      _cudaFree_ Size:     0
[0m[MMP][mmp_fn.cpp:170:     request_handler()]: [32m[REQEUST 1/3248] Index:  -1 API:          _Done_ Size:     0
[0m[MMP][mmp_fn.cpp:173:     request_handler()]: [32mSwap-in/out Done
[0m[MMP][mmp_fn.cpp:170:     request_handler()]: [32m[REQEUST 0/3247] Index:  27 API:    _cudaMalloc_ Size:  4000
[0m[MMP][mmp_fn.cpp:251:             swapout()]: [32m[SWAP OUT] Victim: 3248, Size: 4000, Index: 19 to 19
[0m[MMP][mmp_fn.cpp:170:     request_handler()]: [32m[REQEUST 1/3248] Index:  19 API:      _cudaFree_ Size:     0
[0m[MMP][mmp_fn.cpp:170:     request_handler()]: [32m[REQEUST 1/3248] Index:  -1 API:          _Done_ Size:     0
[0m[MMP][mmp_fn.cpp:173:     request_handler()]: [32mSwap-in/out Done
[0m[MMP][mmp_fn.cpp:170:     request_handler()]: [32m[REQEUST 0/3247] Index:  28 API:    _cudaMalloc_ Size:  4000
[0m[MMP][mmp_fn.cpp:251:             swapout()]: [32m[SWAP OUT] Victim: 3248, Size: 4000, Index: 20 to 20
[0m[MMP][mmp_fn.cpp:170:     request_handler()]: [32m[REQEUST 1/3248] Index:  20 API:      _cudaFree_ Size:     0
[0m[MMP][mmp_fn.cpp:170:     request_handler()]: [32m[REQEUST 1/3248] Index:  -1 API:          _Done_ Size:     0
[0m[MMP][mmp_fn.cpp:173:     request_handler()]: [32mSwap-in/out Done
[0m[MMP][mmp_fn.cpp:170:     request_handler()]: [32m[REQEUST 0/3247] Index:  29 API:    _cudaMalloc_ Size:  4000
[0m[MMP][mmp_fn.cpp:251:             swapout()]: [32m[SWAP OUT] Victim: 3248, Size: 4000, Index: 21 to 21
[0m[MMP][mmp_fn.cpp:170:     request_handler()]: [32m[REQEUST 1/3248] Index:  21 API:      _cudaFree_ Size:     0
[0m[MMP][mmp_fn.cpp:170:     request_handler()]: [32m[REQEUST 1/3248] Index:  -1 API:          _Done_ Size:     0
[0m[MMP][mmp_fn.cpp:173:     request_handler()]: [32mSwap-in/out Done
[0m[MMP][mmp_fn.cpp:170:     request_handler()]: [32m[REQEUST 0/3247] Index:  30 API:    _cudaMalloc_ Size:  4000
[0m[MMP][mmp_fn.cpp:251:             swapout()]: [32m[SWAP OUT] Victim: 3248, Size: 4000, Index: 22 to 22
[0m[MMP][mmp_fn.cpp:170:     request_handler()]: [32m[REQEUST 1/3248] Index:  22 API:      _cudaFree_ Size:     0
[0m[MMP][mmp_fn.cpp:170:     request_handler()]: [32m[REQEUST 1/3248] Index:  -1 API:          _Done_ Size:     0
[0m[MMP][mmp_fn.cpp:173:     request_handler()]: [32mSwap-in/out Done
[0m[MMP][mmp_fn.cpp:170:     request_handler()]: [32m[REQEUST 0/3247] Index:  31 API:    _cudaMalloc_ Size:  4000
[0m[MMP][mmp_fn.cpp:251:             swapout()]: [32m[SWAP OUT] Victim: 3248, Size: 4000, Index: 23 to 23
[0m[MMP][mmp_fn.cpp:170:     request_handler()]: [32m[REQEUST 1/3248] Index:  23 API:      _cudaFree_ Size:     0
[0m[MMP][mmp_fn.cpp:170:     request_handler()]: [32m[REQEUST 1/3248] Index:  -1 API:          _Done_ Size:     0
[0m[MMP][mmp_fn.cpp:173:     request_handler()]: [32mSwap-in/out Done
[0m[MMP][mmp_fn.cpp:170:     request_handler()]: [32m[REQEUST 0/3247] Index:  -1 API:          _Done_ Size:     0
[0m[MMP][mmp_fn.cpp:173:     request_handler()]: [32mSwap-in/out Done
[0m[MMP][mmp_fn.cpp:170:     request_handler()]: [32m[REQEUST 1/3248] Index:  26 API:    _cudaMalloc_ Size:  4000
[0m[MMP][mmp_fn.cpp:251:             swapout()]: [32m[SWAP OUT] Victim: 3247, Size: 4000, Index: 24 to 24
[0m[MMP][mmp_fn.cpp:170:     request_handler()]: [32m[REQEUST 0/3247] Index:  24 API:      _cudaFree_ Size:     0
[0m[MMP][mmp_fn.cpp:170:     request_handler()]: [32m[REQEUST 0/3247] Index:  -1 API:          _Done_ Size:     0
[0m[MMP][mmp_fn.cpp:173:     request_handler()]: [32mSwap-in/out Done
[0m[MMP][mmp_fn.cpp:170:     request_handler()]: [32m[REQEUST 1/3248] Index:  27 API:    _cudaMalloc_ Size:  4000
[0m[MMP][mmp_fn.cpp:251:             swapout()]: [32m[SWAP OUT] Victim: 3247, Size: 4000, Index: 25 to 25
[0m[MMP][mmp_fn.cpp:170:     request_handler()]: [32m[REQEUST 0/3247] Index:  25 API:      _cudaFree_ Size:     0
[0m[MMP][mmp_fn.cpp:170:     request_handler()]: [32m[REQEUST 0/3247] Index:  -1 API:          _Done_ Size:     0
[0m[MMP][mmp_fn.cpp:173:     request_handler()]: [32mSwap-in/out Done
[0m[MMP][mmp_fn.cpp:170:     request_handler()]: [32m[REQEUST 1/3248] Index:  28 API:    _cudaMalloc_ Size:  4000
[0m[MMP][mmp_fn.cpp:251:             swapout()]: [32m[SWAP OUT] Victim: 3247, Size: 4000, Index: 26 to 26
[0m[MMP][mmp_fn.cpp:170:     request_handler()]: [32m[REQEUST 0/3247] Index:  26 API:      _cudaFree_ Size:     0
[0m[MMP][mmp_fn.cpp:170:     request_handler()]: [32m[REQEUST 0/3247] Index:  -1 API:          _Done_ Size:     0
[0m[MMP][mmp_fn.cpp:173:     request_handler()]: [32mSwap-in/out Done
[0m[MMP][mmp_fn.cpp:170:     request_handler()]: [32m[REQEUST 1/3248] Index:  29 API:    _cudaMalloc_ Size:  4000
[0m[MMP][mmp_fn.cpp:251:             swapout()]: [32m[SWAP OUT] Victim: 3247, Size: 4000, Index: 27 to 27
[0m[MMP][mmp_fn.cpp:170:     request_handler()]: [32m[REQEUST 0/3247] Index:  27 API:      _cudaFree_ Size:     0
[0m[MMP][mmp_fn.cpp:170:     request_handler()]: [32m[REQEUST 0/3247] Index:  -1 API:          _Done_ Size:     0
[0m[MMP][mmp_fn.cpp:173:     request_handler()]: [32mSwap-in/out Done
[0m[MMP][mmp_fn.cpp:170:     request_handler()]: [32m[REQEUST 1/3248] Index:  30 API:    _cudaMalloc_ Size:  4000
[0m[MMP][mmp_fn.cpp:251:             swapout()]: [32m[SWAP OUT] Victim: 3247, Size: 4000, Index: 28 to 28
[0m[MMP][mmp_fn.cpp:170:     request_handler()]: [32m[REQEUST 0/3247] Index:  28 API:      _cudaFree_ Size:     0
[0m[MMP][mmp_fn.cpp:170:     request_handler()]: [32m[REQEUST 0/3247] Index:  -1 API:          _Done_ Size:     0
[0m[MMP][mmp_fn.cpp:173:     request_handler()]: [32mSwap-in/out Done
[0m[MMP][mmp_fn.cpp:170:     request_handler()]: [32m[REQEUST 1/3248] Index:  31 API:    _cudaMalloc_ Size:  4000
[0m[MMP][mmp_fn.cpp:251:             swapout()]: [32m[SWAP OUT] Victim: 3247, Size: 4000, Index: 29 to 29
[0m[MMP][mmp_fn.cpp:170:     request_handler()]: [32m[REQEUST 0/3247] Index:  29 API:      _cudaFree_ Size:     0
[0m[MMP][mmp_fn.cpp:170:     request_handler()]: [32m[REQEUST 0/3247] Index:  -1 API:          _Done_ Size:     0
[0m[MMP][mmp_fn.cpp:173:     request_handler()]: [32mSwap-in/out Done
[0m[MMP][mmp_fn.cpp:170:     request_handler()]: [32m[REQEUST 1/3248] Index:  -1 API:          _Done_ Size:     0
[0m[MMP][mmp_fn.cpp:173:     request_handler()]: [32mSwap-in/out Done
[0m[MMP][mmp_fn.cpp:170:     request_handler()]: [32m[REQEUST 0/3247] Index:  32 API:    _cudaMalloc_ Size:  4000
[0m[MMP][mmp_fn.cpp:251:             swapout()]: [32m[SWAP OUT] Victim: 3248, Size: 4000, Index: 24 to 24
[0m[MMP][mmp_fn.cpp:170:     request_handler()]: [32m[REQEUST 1/3248] Index:  24 API:      _cudaFree_ Size:     0
[0m[MMP][mmp_fn.cpp:170:     request_handler()]: [32m[REQEUST 1/3248] Index:  -1 API:          _Done_ Size:     0
[0m[MMP][mmp_fn.cpp:173:     request_handler()]: [32mSwap-in/out Done
[0m[MMP][mmp_fn.cpp:170:     request_handler()]: [32m[REQEUST 0/3247] Index:  33 API:    _cudaMalloc_ Size:  4000
[0m[MMP][mmp_fn.cpp:251:             swapout()]: [32m[SWAP OUT] Victim: 3248, Size: 4000, Index: 25 to 25
[0m[MMP][mmp_fn.cpp:170:     request_handler()]: [32m[REQEUST 1/3248] Index:  25 API:      _cudaFree_ Size:     0
[0m[MMP][mmp_fn.cpp:170:     request_handler()]: [32m[REQEUST 1/3248] Index:  -1 API:          _Done_ Size:     0
[0m[MMP][mmp_fn.cpp:173:     request_handler()]: [32mSwap-in/out Done
[0m[MMP][mmp_fn.cpp:170:     request_handler()]: [32m[REQEUST 0/3247] Index:  34 API:    _cudaMalloc_ Size:  4000
[0m[MMP][mmp_fn.cpp:251:             swapout()]: [32m[SWAP OUT] Victim: 3248, Size: 4000, Index: 26 to 26
[0m[MMP][mmp_fn.cpp:170:     request_handler()]: [32m[REQEUST 1/3248] Index:  26 API:      _cudaFree_ Size:     0
[0m[MMP][mmp_fn.cpp:170:     request_handler()]: [32m[REQEUST 1/3248] Index:  -1 API:          _Done_ Size:     0
[0m[MMP][mmp_fn.cpp:173:     request_handler()]: [32mSwap-in/out Done
[0m[MMP][mmp_fn.cpp:170:     request_handler()]: [32m[REQEUST 0/3247] Index:  35 API:    _cudaMalloc_ Size:  4000
[0m[MMP][mmp_fn.cpp:251:             swapout()]: [32m[SWAP OUT] Victim: 3248, Size: 4000, Index: 27 to 27
[0m[MMP][mmp_fn.cpp:170:     request_handler()]: [32m[REQEUST 1/3248] Index:  27 API:      _cudaFree_ Size:     0
[0m[MMP][mmp_fn.cpp:170:     request_handler()]: [32m[REQEUST 1/3248] Index:  -1 API:          _Done_ Size:     0
[0m[MMP][mmp_fn.cpp:173:     request_handler()]: [32mSwap-in/out Done
[0m[MMP][mmp_fn.cpp:170:     request_handler()]: [32m[REQEUST 0/3247] Index:  36 API:    _cudaMalloc_ Size:  4000
[0m[MMP][mmp_fn.cpp:251:             swapout()]: [32m[SWAP OUT] Victim: 3248, Size: 4000, Index: 28 to 28
[0m[MMP][mmp_fn.cpp:170:     request_handler()]: [32m[REQEUST 1/3248] Index:  28 API:      _cudaFree_ Size:     0
[0m[MMP][mmp_fn.cpp:170:     request_handler()]: [32m[REQEUST 1/3248] Index:  -1 API:          _Done_ Size:     0
[0m[MMP][mmp_fn.cpp:173:     request_handler()]: [32mSwap-in/out Done
[0m[MMP][mmp_fn.cpp:170:     request_handler()]: [32m[REQEUST 0/3247] Index:  37 API:    _cudaMalloc_ Size:  4000
[0m[MMP][mmp_fn.cpp:251:             swapout()]: [32m[SWAP OUT] Victim: 3248, Size: 4000, Index: 29 to 29
[0m[MMP][mmp_fn.cpp:170:     request_handler()]: [32m[REQEUST 1/3248] Index:  29 API:      _cudaFree_ Size:     0
[0m[MMP][mmp_fn.cpp:170:     request_handler()]: [32m[REQEUST 1/3248] Index:  -1 API:          _Done_ Size:     0
[0m[MMP][mmp_fn.cpp:173:     request_handler()]: [32mSwap-in/out Done
[0m[MMP][mmp_fn.cpp:170:     request_handler()]: [32m[REQEUST 0/3247] Index:  -1 API:          _Done_ Size:     0
[0m[MMP][mmp_fn.cpp:173:     request_handler()]: [32mSwap-in/out Done
[0m[MMP][mmp_fn.cpp:170:     request_handler()]: [32m[REQEUST 1/3248] Index:  32 API:    _cudaMalloc_ Size:  4000
[0m[MMP][mmp_fn.cpp:251:             swapout()]: [32m[SWAP OUT] Victim: 3247, Size: 4000, Index: 30 to 30
[0m[MMP][mmp_fn.cpp:170:     request_handler()]: [32m[REQEUST 0/3247] Index:  30 API:      _cudaFree_ Size:     0
[0m[MMP][mmp_fn.cpp:170:     request_handler()]: [32m[REQEUST 0/3247] Index:  -1 API:          _Done_ Size:     0
[0m[MMP][mmp_fn.cpp:173:     request_handler()]: [32mSwap-in/out Done
[0m[MMP][mmp_fn.cpp:170:     request_handler()]: [32m[REQEUST 1/3248] Index:  33 API:    _cudaMalloc_ Size:  4000
[0m[MMP][mmp_fn.cpp:251:             swapout()]: [32m[SWAP OUT] Victim: 3247, Size: 4000, Index: 31 to 31
[0m[MMP][mmp_fn.cpp:170:     request_handler()]: [32m[REQEUST 0/3247] Index:  31 API:      _cudaFree_ Size:     0
[0m[MMP][mmp_fn.cpp:170:     request_handler()]: [32m[REQEUST 0/3247] Index:  -1 API:          _Done_ Size:     0
[0m[MMP][mmp_fn.cpp:173:     request_handler()]: [32mSwap-in/out Done
[0m[MMP][mmp_fn.cpp:170:     request_handler()]: [32m[REQEUST 1/3248] Index:  34 API:    _cudaMalloc_ Size:  4000
[0m[MMP][mmp_fn.cpp:251:             swapout()]: [32m[SWAP OUT] Victim: 3247, Size: 4000, Index: 32 to 32
[0m[MMP][mmp_fn.cpp:170:     request_handler()]: [32m[REQEUST 0/3247] Index:  32 API:      _cudaFree_ Size:     0
[0m[MMP][mmp_fn.cpp:170:     request_handler()]: [32m[REQEUST 0/3247] Index:  -1 API:          _Done_ Size:     0
[0m[MMP][mmp_fn.cpp:173:     request_handler()]: [32mSwap-in/out Done
[0m[MMP][mmp_fn.cpp:170:     request_handler()]: [32m[REQEUST 1/3248] Index:  35 API:    _cudaMalloc_ Size:  4000
[0m[MMP][mmp_fn.cpp:251:             swapout()]: [32m[SWAP OUT] Victim: 3247, Size: 4000, Index: 33 to 33
[0m[MMP][mmp_fn.cpp:170:     request_handler()]: [32m[REQEUST 0/3247] Index:  33 API:      _cudaFree_ Size:     0
[0m[MMP][mmp_fn.cpp:170:     request_handler()]: [32m[REQEUST 0/3247] Index:  -1 API:          _Done_ Size:     0
[0m[MMP][mmp_fn.cpp:173:     request_handler()]: [32mSwap-in/out Done
[0m[MMP][mmp_fn.cpp:170:     request_handler()]: [32m[REQEUST 1/3248] Index:  36 API:    _cudaMalloc_ Size:  4000
[0m[MMP][mmp_fn.cpp:251:             swapout()]: [32m[SWAP OUT] Victim: 3247, Size: 4000, Index: 34 to 34
[0m[MMP][mmp_fn.cpp:170:     request_handler()]: [32m[REQEUST 0/3247] Index:  34 API:      _cudaFree_ Size:     0
[0m[MMP][mmp_fn.cpp:170:     request_handler()]: [32m[REQEUST 0/3247] Index:  -1 API:          _Done_ Size:     0
[0m[MMP][mmp_fn.cpp:173:     request_handler()]: [32mSwap-in/out Done
[0m[MMP][mmp_fn.cpp:170:     request_handler()]: [32m[REQEUST 1/3248] Index:  37 API:    _cudaMalloc_ Size:  4000
[0m[MMP][mmp_fn.cpp:251:             swapout()]: [32m[SWAP OUT] Victim: 3247, Size: 4000, Index: 35 to 35
[0m[MMP][mmp_fn.cpp:170:     request_handler()]: [32m[REQEUST 0/3247] Index:  35 API:      _cudaFree_ Size:     0
[0m[MMP][mmp_fn.cpp:170:     request_handler()]: [32m[REQEUST 0/3247] Index:  -1 API:          _Done_ Size:     0
[0m[MMP][mmp_fn.cpp:173:     request_handler()]: [32mSwap-in/out Done
[0m[MMP][mmp_fn.cpp:170:     request_handler()]: [32m[REQEUST 1/3248] Index:  -1 API:          _Done_ Size:     0
[0m[MMP][mmp_fn.cpp:173:     request_handler()]: [32mSwap-in/out Done
[0m[MMP][mmp_fn.cpp:170:     request_handler()]: [32m[REQEUST 0/3247] Index:  38 API:    _cudaMalloc_ Size:  4000
[0m[MMP][mmp_fn.cpp:251:             swapout()]: [32m[SWAP OUT] Victim: 3248, Size: 4000, Index: 30 to 30
[0m[MMP][mmp_fn.cpp:170:     request_handler()]: [32m[REQEUST 1/3248] Index:  30 API:      _cudaFree_ Size:     0
[0m[MMP][mmp_fn.cpp:170:     request_handler()]: [32m[REQEUST 1/3248] Index:  -1 API:          _Done_ Size:     0
[0m[MMP][mmp_fn.cpp:173:     request_handler()]: [32mSwap-in/out Done
[0m[MMP][mmp_fn.cpp:170:     request_handler()]: [32m[REQEUST 0/3247] Index:  39 API:    _cudaMalloc_ Size:  4000
[0m[MMP][mmp_fn.cpp:251:             swapout()]: [32m[SWAP OUT] Victim: 3248, Size: 4000, Index: 31 to 31
[0m[MMP][mmp_fn.cpp:170:     request_handler()]: [32m[REQEUST 1/3248] Index:  31 API:      _cudaFree_ Size:     0
[0m[MMP][mmp_fn.cpp:170:     request_handler()]: [32m[REQEUST 1/3248] Index:  -1 API:          _Done_ Size:     0
[0m[MMP][mmp_fn.cpp:173:     request_handler()]: [32mSwap-in/out Done
[0m[MMP][mmp_fn.cpp:170:     request_handler()]: [32m[REQEUST 0/3247] Index:  40 API:    _cudaMalloc_ Size:  4000
[0m[MMP][mmp_fn.cpp:251:             swapout()]: [32m[SWAP OUT] Victim: 3248, Size: 4000, Index: 32 to 32
[0m[MMP][mmp_fn.cpp:170:     request_handler()]: [32m[REQEUST 1/3248] Index:  32 API:      _cudaFree_ Size:     0
[0m[MMP][mmp_fn.cpp:170:     request_handler()]: [32m[REQEUST 1/3248] Index:  -1 API:          _Done_ Size:     0
[0m[MMP][mmp_fn.cpp:173:     request_handler()]: [32mSwap-in/out Done
[0m[MMP][mmp_fn.cpp:170:     request_handler()]: [32m[REQEUST 0/3247] Index:  41 API:    _cudaMalloc_ Size:  4000
[0m[MMP][mmp_fn.cpp:251:             swapout()]: [32m[SWAP OUT] Victim: 3248, Size: 4000, Index: 33 to 33
[0m[MMP][mmp_fn.cpp:170:     request_handler()]: [32m[REQEUST 1/3248] Index:  33 API:      _cudaFree_ Size:     0
[0m[MMP][mmp_fn.cpp:170:     request_handler()]: [32m[REQEUST 1/3248] Index:  -1 API:          _Done_ Size:     0
[0m[MMP][mmp_fn.cpp:173:     request_handler()]: [32mSwap-in/out Done
[0m[MMP][mmp_fn.cpp:170:     request_handler()]: [32m[REQEUST 0/3247] Index:  42 API:    _cudaMalloc_ Size:  4000
[0m[MMP][mmp_fn.cpp:251:             swapout()]: [32m[SWAP OUT] Victim: 3248, Size: 4000, Index: 34 to 34
[0m[MMP][mmp_fn.cpp:170:     request_handler()]: [32m[REQEUST 1/3248] Index:  34 API:      _cudaFree_ Size:     0
[0m[MMP][mmp_fn.cpp:170:     request_handler()]: [32m[REQEUST 1/3248] Index:  -1 API:          _Done_ Size:     0
[0m[MMP][mmp_fn.cpp:173:     request_handler()]: [32mSwap-in/out Done
[0m[MMP][mmp_fn.cpp:170:     request_handler()]: [32m[REQEUST 0/3247] Index:  43 API:    _cudaMalloc_ Size:  4000
[0m[MMP][mmp_fn.cpp:251:             swapout()]: [32m[SWAP OUT] Victim: 3248, Size: 4000, Index: 35 to 35
[0m[MMP][mmp_fn.cpp:170:     request_handler()]: [32m[REQEUST 1/3248] Index:  35 API:      _cudaFree_ Size:     0
[0m[MMP][mmp_fn.cpp:170:     request_handler()]: [32m[REQEUST 1/3248] Index:  -1 API:          _Done_ Size:     0
[0m[MMP][mmp_fn.cpp:173:     request_handler()]: [32mSwap-in/out Done
[0m[MMP][mmp_fn.cpp:170:     request_handler()]: [32m[REQEUST 0/3247] Index:  -1 API:          _Done_ Size:     0
[0m[MMP][mmp_fn.cpp:173:     request_handler()]: [32mSwap-in/out Done
[0m[MMP][mmp_fn.cpp:170:     request_handler()]: [32m[REQEUST 1/3248] Index:  38 API:    _cudaMalloc_ Size:  4000
[0m[MMP][mmp_fn.cpp:251:             swapout()]: [32m[SWAP OUT] Victim: 3247, Size: 4000, Index: 36 to 36
[0m[MMP][mmp_fn.cpp:170:     request_handler()]: [32m[REQEUST 0/3247] Index:  36 API:      _cudaFree_ Size:     0
[0m[MMP][mmp_fn.cpp:170:     request_handler()]: [32m[REQEUST 0/3247] Index:  -1 API:          _Done_ Size:     0
[0m[MMP][mmp_fn.cpp:173:     request_handler()]: [32mSwap-in/out Done
[0m[MMP][mmp_fn.cpp:170:     request_handler()]: [32m[REQEUST 1/3248] Index:  39 API:    _cudaMalloc_ Size:  4000
[0m[MMP][mmp_fn.cpp:251:             swapout()]: [32m[SWAP OUT] Victim: 3247, Size: 4000, Index: 37 to 37
[0m[MMP][mmp_fn.cpp:170:     request_handler()]: [32m[REQEUST 0/3247] Index:  37 API:      _cudaFree_ Size:     0
[0m[MMP][mmp_fn.cpp:170:     request_handler()]: [32m[REQEUST 0/3247] Index:  -1 API:          _Done_ Size:     0
[0m[MMP][mmp_fn.cpp:173:     request_handler()]: [32mSwap-in/out Done
[0m[MMP][mmp_fn.cpp:170:     request_handler()]: [32m[REQEUST 1/3248] Index:  40 API:    _cudaMalloc_ Size:  4000
[0m[MMP][mmp_fn.cpp:251:             swapout()]: [32m[SWAP OUT] Victim: 3247, Size: 4000, Index: 38 to 38
[0m[MMP][mmp_fn.cpp:170:     request_handler()]: [32m[REQEUST 0/3247] Index:  38 API:      _cudaFree_ Size:     0
[0m[MMP][mmp_fn.cpp:170:     request_handler()]: [32m[REQEUST 0/3247] Index:  -1 API:          _Done_ Size:     0
[0m[MMP][mmp_fn.cpp:173:     request_handler()]: [32mSwap-in/out Done
[0m[MMP][mmp_fn.cpp:170:     request_handler()]: [32m[REQEUST 1/3248] Index:  41 API:    _cudaMalloc_ Size:  4000
[0m[MMP][mmp_fn.cpp:251:             swapout()]: [32m[SWAP OUT] Victim: 3247, Size: 4000, Index: 39 to 39
[0m[MMP][mmp_fn.cpp:170:     request_handler()]: [32m[REQEUST 0/3247] Index:  39 API:      _cudaFree_ Size:     0
[0m[MMP][mmp_fn.cpp:170:     request_handler()]: [32m[REQEUST 0/3247] Index:  -1 API:          _Done_ Size:     0
[0m[MMP][mmp_fn.cpp:173:     request_handler()]: [32mSwap-in/out Done
[0m[MMP][mmp_fn.cpp:170:     request_handler()]: [32m[REQEUST 1/3248] Index:  42 API:    _cudaMalloc_ Size:  4000
[0m[MMP][mmp_fn.cpp:251:             swapout()]: [32m[SWAP OUT] Victim: 3247, Size: 4000, Index: 40 to 40
[0m[MMP][mmp_fn.cpp:170:     request_handler()]: [32m[REQEUST 0/3247] Index:  40 API:      _cudaFree_ Size:     0
[0m[MMP][mmp_fn.cpp:170:     request_handler()]: [32m[REQEUST 0/3247] Index:  -1 API:          _Done_ Size:     0
[0m[MMP][mmp_fn.cpp:173:     request_handler()]: [32mSwap-in/out Done
[0m[MMP][mmp_fn.cpp:170:     request_handler()]: [32m[REQEUST 1/3248] Index:  43 API:    _cudaMalloc_ Size:  4000
[0m[MMP][mmp_fn.cpp:251:             swapout()]: [32m[SWAP OUT] Victim: 3247, Size: 4000, Index: 41 to 41
[0m[MMP][mmp_fn.cpp:170:     request_handler()]: [32m[REQEUST 0/3247] Index:  41 API:      _cudaFree_ Size:     0
[0m[MMP][mmp_fn.cpp:170:     request_handler()]: [32m[REQEUST 0/3247] Index:  -1 API:          _Done_ Size:     0
[0m[MMP][mmp_fn.cpp:173:     request_handler()]: [32mSwap-in/out Done
[0m[MMP][mmp_fn.cpp:170:     request_handler()]: [32m[REQEUST 1/3248] Index:  -1 API:          _Done_ Size:     0
[0m[MMP][mmp_fn.cpp:173:     request_handler()]: [32mSwap-in/out Done
[0m[MMP][mmp_fn.cpp:170:     request_handler()]: [32m[REQEUST 1/3248] Index:  -1 API:          _Done_ Size:     0
[0m[MMP][mmp_fn.cpp:173:     request_handler()]: [32mSwap-in/out Done
[0m[MMP][mmp_fn.cpp:170:     request_handler()]: [32m[REQEUST 0/3247] Index:  44 API:    _cudaMalloc_ Size:  4000
[0m[MMP][mmp_fn.cpp:251:             swapout()]: [32m[SWAP OUT] Victim: 3248, Size: 4000, Index: 36 to 36
[0m[MMP][mmp_fn.cpp:170:     request_handler()]: [32m[REQEUST 1/3248] Index:  36 API:      _cudaFree_ Size:     0
[0m[MMP][mmp_fn.cpp:170:     request_handler()]: [32m[REQEUST 1/3248] Index:  -1 API:          _Done_ Size:     0
[0m[MMP][mmp_fn.cpp:173:     request_handler()]: [32mSwap-in/out Done
[0m[MMP][mmp_fn.cpp:170:     request_handler()]: [32m[REQEUST 0/3247] Index:  45 API:    _cudaMalloc_ Size:  4000
[0m[MMP][mmp_fn.cpp:251:             swapout()]: [32m[SWAP OUT] Victim: 3248, Size: 4000, Index: 37 to 37
[0m[MMP][mmp_fn.cpp:170:     request_handler()]: [32m[REQEUST 1/3248] Index:  37 API:      _cudaFree_ Size:     0
[0m[MMP][mmp_fn.cpp:170:     request_handler()]: [32m[REQEUST 1/3248] Index:  -1 API:          _Done_ Size:     0
[0m[MMP][mmp_fn.cpp:173:     request_handler()]: [32mSwap-in/out Done
[0m[MMP][mmp_fn.cpp:170:     request_handler()]: [32m[REQEUST 0/3247] Index:  46 API:    _cudaMalloc_ Size:  4000
[0m[MMP][mmp_fn.cpp:251:             swapout()]: [32m[SWAP OUT] Victim: 3248, Size: 4000, Index: 38 to 38
[0m[MMP][mmp_fn.cpp:170:     request_handler()]: [32m[REQEUST 1/3248] Index:  38 API:      _cudaFree_ Size:     0
[0m[MMP][mmp_fn.cpp:170:     request_handler()]: [32m[REQEUST 1/3248] Index:  -1 API:          _Done_ Size:     0
[0m[MMP][mmp_fn.cpp:173:     request_handler()]: [32mSwap-in/out Done
[0m[MMP][mmp_fn.cpp:170:     request_handler()]: [32m[REQEUST 0/3247] Index:  47 API:    _cudaMalloc_ Size:  4000
[0m[MMP][mmp_fn.cpp:251:             swapout()]: [32m[SWAP OUT] Victim: 3248, Size: 4000, Index: 39 to 39
[0m[MMP][mmp_fn.cpp:170:     request_handler()]: [32m[REQEUST 1/3248] Index:  39 API:      _cudaFree_ Size:     0
[0m[MMP][mmp_fn.cpp:170:     request_handler()]: [32m[REQEUST 1/3248] Index:  -1 API:          _Done_ Size:     0
[0m[MMP][mmp_fn.cpp:173:     request_handler()]: [32mSwap-in/out Done
[0m[MMP][mmp_fn.cpp:170:     request_handler()]: [32m[REQEUST 0/3247] Index:  48 API:    _cudaMalloc_ Size:  4000
[0m[MMP][mmp_fn.cpp:251:             swapout()]: [32m[SWAP OUT] Victim: 3248, Size: 4000, Index: 40 to 40
[0m[MMP][mmp_fn.cpp:170:     request_handler()]: [32m[REQEUST 1/3248] Index:  40 API:      _cudaFree_ Size:     0
[0m[MMP][mmp_fn.cpp:170:     request_handler()]: [32m[REQEUST 1/3248] Index:  -1 API:          _Done_ Size:     0
[0m[MMP][mmp_fn.cpp:173:     request_handler()]: [32mSwap-in/out Done
[0m[MMP][mmp_fn.cpp:170:     request_handler()]: [32m[REQEUST 0/3247] Index:  49 API:    _cudaMalloc_ Size:  4000
[0m[MMP][mmp_fn.cpp:251:             swapout()]: [32m[SWAP OUT] Victim: 3248, Size: 4000, Index: 41 to 41
[0m[MMP][mmp_fn.cpp:170:     request_handler()]: [32m[REQEUST 1/3248] Index:  41 API:      _cudaFree_ Size:     0
[0m[MMP][mmp_fn.cpp:170:     request_handler()]: [32m[REQEUST 1/3248] Index:  -1 API:          _Done_ Size:     0
[0m[MMP][mmp_fn.cpp:173:     request_handler()]: [32mSwap-in/out Done
[0m[MMP][mmp_fn.cpp:170:     request_handler()]: [32m[REQEUST 0/3247] Index:  -1 API:          _Done_ Size:     0
[0m[MMP][mmp_fn.cpp:173:     request_handler()]: [32mSwap-in/out Done
[0m[MMP][mmp_fn.cpp:170:     request_handler()]: [32m[REQEUST 0/3247] Index:  -1 API:          _Done_ Size:     0
[0m[MMP][mmp_fn.cpp:173:     request_handler()]: [32mSwap-in/out Done
[0m[MMP][mmp_fn.cpp:170:     request_handler()]: [32m[REQEUST 1/3248] Index:  44 API:    _cudaMalloc_ Size:  4000
[0m[MMP][mmp_fn.cpp:251:             swapout()]: [32m[SWAP OUT] Victim: 3247, Size: 4000, Index: 42 to 42
[0m[MMP][mmp_fn.cpp:170:     request_handler()]: [32m[REQEUST 0/3247] Index:  42 API:      _cudaFree_ Size:     0
[0m[MMP][mmp_fn.cpp:170:     request_handler()]: [32m[REQEUST 0/3247] Index:  -1 API:          _Done_ Size:     0
[0m[MMP][mmp_fn.cpp:173:     request_handler()]: [32mSwap-in/out Done
[0m[MMP][mmp_fn.cpp:170:     request_handler()]: [32m[REQEUST 1/3248] Index:  45 API:    _cudaMalloc_ Size:  4000
[0m[MMP][mmp_fn.cpp:251:             swapout()]: [32m[SWAP OUT] Victim: 3247, Size: 4000, Index: 43 to 43
[0m[MMP][mmp_fn.cpp:170:     request_handler()]: [32m[REQEUST 0/3247] Index:  43 API:      _cudaFree_ Size:     0
[0m[MMP][mmp_fn.cpp:170:     request_handler()]: [32m[REQEUST 0/3247] Index:  -1 API:          _Done_ Size:     0
[0m[MMP][mmp_fn.cpp:173:     request_handler()]: [32mSwap-in/out Done
[0m[MMP][mmp_fn.cpp:170:     request_handler()]: [32m[REQEUST 1/3248] Index:  46 API:    _cudaMalloc_ Size:  4000
[0m[MMP][mmp_fn.cpp:251:             swapout()]: [32m[SWAP OUT] Victim: 3247, Size: 4000, Index: 44 to 44
[0m[MMP][mmp_fn.cpp:170:     request_handler()]: [32m[REQEUST 0/3247] Index:  44 API:      _cudaFree_ Size:     0
[0m[MMP][mmp_fn.cpp:170:     request_handler()]: [32m[REQEUST 0/3247] Index:  -1 API:          _Done_ Size:     0
[0m[MMP][mmp_fn.cpp:173:     request_handler()]: [32mSwap-in/out Done
[0m[MMP][mmp_fn.cpp:170:     request_handler()]: [32m[REQEUST 1/3248] Index:  47 API:    _cudaMalloc_ Size:  4000
[0m[MMP][mmp_fn.cpp:251:             swapout()]: [32m[SWAP OUT] Victim: 3247, Size: 4000, Index: 45 to 45
[0m[MMP][mmp_fn.cpp:170:     request_handler()]: [32m[REQEUST 0/3247] Index:  45 API:      _cudaFree_ Size:     0
[0m[MMP][mmp_fn.cpp:170:     request_handler()]: [32m[REQEUST 0/3247] Index:  -1 API:          _Done_ Size:     0
[0m[MMP][mmp_fn.cpp:173:     request_handler()]: [32mSwap-in/out Done
[0m[MMP][mmp_fn.cpp:170:     request_handler()]: [32m[REQEUST 1/3248] Index:  48 API:    _cudaMalloc_ Size:  4000
[0m[MMP][mmp_fn.cpp:251:             swapout()]: [32m[SWAP OUT] Victim: 3247, Size: 4000, Index: 46 to 46
[0m[MMP][mmp_fn.cpp:170:     request_handler()]: [32m[REQEUST 0/3247] Index:  46 API:      _cudaFree_ Size:     0
[0m[MMP][mmp_fn.cpp:170:     request_handler()]: [32m[REQEUST 0/3247] Index:  -1 API:          _Done_ Size:     0
[0m[MMP][mmp_fn.cpp:173:     request_handler()]: [32mSwap-in/out Done
[0m[MMP][mmp_fn.cpp:170:     request_handler()]: [32m[REQEUST 1/3248] Index:  49 API:    _cudaMalloc_ Size:  4000
[0m[MMP][mmp_fn.cpp:251:             swapout()]: [32m[SWAP OUT] Victim: 3247, Size: 4000, Index: 47 to 47
[0m[MMP][mmp_fn.cpp:170:     request_handler()]: [32m[REQEUST 0/3247] Index:  47 API:      _cudaFree_ Size:     0
[0m[MMP][mmp_fn.cpp:170:     request_handler()]: [32m[REQEUST 0/3247] Index:  -1 API:          _Done_ Size:     0
[0m[MMP][mmp_fn.cpp:173:     request_handler()]: [32mSwap-in/out Done
[0m[MMP][mmp_fn.cpp:170:     request_handler()]: [32m[REQEUST 1/3248] Index:  -1 API:          _Done_ Size:     0
[0m[MMP][mmp_fn.cpp:173:     request_handler()]: [32mSwap-in/out Done
[0m[MMP][mmp_fn.cpp:170:     request_handler()]: [32m[REQEUST 0/3247] Index:  50 API:    _cudaMalloc_ Size:  4000
[0m[MMP][mmp_fn.cpp:251:             swapout()]: [32m[SWAP OUT] Victim: 3248, Size: 4000, Index: 42 to 42
[0m[MMP][mmp_fn.cpp:170:     request_handler()]: [32m[REQEUST 1/3248] Index:  42 API:      _cudaFree_ Size:     0
[0m[MMP][mmp_fn.cpp:170:     request_handler()]: [32m[REQEUST 1/3248] Index:  -1 API:          _Done_ Size:     0
[0m[MMP][mmp_fn.cpp:173:     request_handler()]: [32mSwap-in/out Done
[0m[MMP][mmp_fn.cpp:170:     request_handler()]: [32m[REQEUST 0/3247] Index:  51 API:    _cudaMalloc_ Size:  4000
[0m[MMP][mmp_fn.cpp:251:             swapout()]: [32m[SWAP OUT] Victim: 3248, Size: 4000, Index: 43 to 43
[0m[MMP][mmp_fn.cpp:170:     request_handler()]: [32m[REQEUST 1/3248] Index:  43 API:      _cudaFree_ Size:     0
[0m[MMP][mmp_fn.cpp:170:     request_handler()]: [32m[REQEUST 1/3248] Index:  -1 API:          _Done_ Size:     0
[0m[MMP][mmp_fn.cpp:173:     request_handler()]: [32mSwap-in/out Done
[0m[MMP][mmp_fn.cpp:170:     request_handler()]: [32m[REQEUST 0/3247] Index:  52 API:    _cudaMalloc_ Size:  4000
[0m[MMP][mmp_fn.cpp:251:             swapout()]: [32m[SWAP OUT] Victim: 3248, Size: 4000, Index: 44 to 44
[0m[MMP][mmp_fn.cpp:170:     request_handler()]: [32m[REQEUST 1/3248] Index:  44 API:      _cudaFree_ Size:     0
[0m[MMP][mmp_fn.cpp:170:     request_handler()]: [32m[REQEUST 1/3248] Index:  -1 API:          _Done_ Size:     0
[0m[MMP][mmp_fn.cpp:173:     request_handler()]: [32mSwap-in/out Done
[0m[MMP][mmp_fn.cpp:170:     request_handler()]: [32m[REQEUST 0/3247] Index:  53 API:    _cudaMalloc_ Size:  4000
[0m[MMP][mmp_fn.cpp:251:             swapout()]: [32m[SWAP OUT] Victim: 3248, Size: 4000, Index: 45 to 45
[0m[MMP][mmp_fn.cpp:170:     request_handler()]: [32m[REQEUST 1/3248] Index:  45 API:      _cudaFree_ Size:     0
[0m[MMP][mmp_fn.cpp:170:     request_handler()]: [32m[REQEUST 1/3248] Index:  -1 API:          _Done_ Size:     0
[0m[MMP][mmp_fn.cpp:173:     request_handler()]: [32mSwap-in/out Done
[0m[MMP][mmp_fn.cpp:170:     request_handler()]: [32m[REQEUST 0/3247] Index:  54 API:    _cudaMalloc_ Size:  4000
[0m[MMP][mmp_fn.cpp:251:             swapout()]: [32m[SWAP OUT] Victim: 3248, Size: 4000, Index: 46 to 46
[0m[MMP][mmp_fn.cpp:170:     request_handler()]: [32m[REQEUST 1/3248] Index:  46 API:      _cudaFree_ Size:     0
[0m[MMP][mmp_fn.cpp:170:     request_handler()]: [32m[REQEUST 1/3248] Index:  -1 API:          _Done_ Size:     0
[0m[MMP][mmp_fn.cpp:173:     request_handler()]: [32mSwap-in/out Done
[0m[MMP][mmp_fn.cpp:170:     request_handler()]: [32m[REQEUST 0/3247] Index:  55 API:    _cudaMalloc_ Size:  4000
[0m[MMP][mmp_fn.cpp:251:             swapout()]: [32m[SWAP OUT] Victim: 3248, Size: 4000, Index: 47 to 47
[0m[MMP][mmp_fn.cpp:170:     request_handler()]: [32m[REQEUST 1/3248] Index:  47 API:      _cudaFree_ Size:     0
[0m[MMP][mmp_fn.cpp:170:     request_handler()]: [32m[REQEUST 1/3248] Index:  -1 API:          _Done_ Size:     0
[0m[MMP][mmp_fn.cpp:173:     request_handler()]: [32mSwap-in/out Done
[0m[MMP][mmp_fn.cpp:170:     request_handler()]: [32m[REQEUST 0/3247] Index:  -1 API:          _Done_ Size:     0
[0m[MMP][mmp_fn.cpp:173:     request_handler()]: [32mSwap-in/out Done
[0m[MMP][mmp_fn.cpp:170:     request_handler()]: [32m[REQEUST 1/3248] Index:  50 API:    _cudaMalloc_ Size:  4000
[0m[MMP][mmp_fn.cpp:251:             swapout()]: [32m[SWAP OUT] Victim: 3247, Size: 4000, Index: 48 to 48
[0m[MMP][mmp_fn.cpp:170:     request_handler()]: [32m[REQEUST 0/3247] Index:  48 API:      _cudaFree_ Size:     0
[0m[MMP][mmp_fn.cpp:170:     request_handler()]: [32m[REQEUST 0/3247] Index:  -1 API:          _Done_ Size:     0
[0m[MMP][mmp_fn.cpp:173:     request_handler()]: [32mSwap-in/out Done
[0m[MMP][mmp_fn.cpp:170:     request_handler()]: [32m[REQEUST 1/3248] Index:  51 API:    _cudaMalloc_ Size:  4000
[0m[MMP][mmp_fn.cpp:251:             swapout()]: [32m[SWAP OUT] Victim: 3247, Size: 4000, Index: 49 to 49
[0m[MMP][mmp_fn.cpp:170:     request_handler()]: [32m[REQEUST 0/3247] Index:  49 API:      _cudaFree_ Size:     0
[0m[MMP][mmp_fn.cpp:170:     request_handler()]: [32m[REQEUST 0/3247] Index:  -1 API:          _Done_ Size:     0
[0m[MMP][mmp_fn.cpp:173:     request_handler()]: [32mSwap-in/out Done
[0m[MMP][mmp_fn.cpp:170:     request_handler()]: [32m[REQEUST 1/3248] Index:  52 API:    _cudaMalloc_ Size:  4000
[0m[MMP][mmp_fn.cpp:251:             swapout()]: [32m[SWAP OUT] Victim: 3247, Size: 4000, Index: 50 to 50
[0m[MMP][mmp_fn.cpp:170:     request_handler()]: [32m[REQEUST 0/3247] Index:  50 API:      _cudaFree_ Size:     0
[0m[MMP][mmp_fn.cpp:170:     request_handler()]: [32m[REQEUST 0/3247] Index:  -1 API:          _Done_ Size:     0
[0m[MMP][mmp_fn.cpp:173:     request_handler()]: [32mSwap-in/out Done
[0m[MMP][mmp_fn.cpp:170:     request_handler()]: [32m[REQEUST 1/3248] Index:  53 API:    _cudaMalloc_ Size:  4000
[0m[MMP][mmp_fn.cpp:251:             swapout()]: [32m[SWAP OUT] Victim: 3247, Size: 4000, Index: 51 to 51
[0m[MMP][mmp_fn.cpp:170:     request_handler()]: [32m[REQEUST 0/3247] Index:  51 API:      _cudaFree_ Size:     0
[0m[MMP][mmp_fn.cpp:170:     request_handler()]: [32m[REQEUST 0/3247] Index:  -1 API:          _Done_ Size:     0
[0m[MMP][mmp_fn.cpp:173:     request_handler()]: [32mSwap-in/out Done
[0m[MMP][mmp_fn.cpp:170:     request_handler()]: [32m[REQEUST 1/3248] Index:  54 API:    _cudaMalloc_ Size:  4000
[0m[MMP][mmp_fn.cpp:251:             swapout()]: [32m[SWAP OUT] Victim: 3247, Size: 4000, Index: 52 to 52
[0m[MMP][mmp_fn.cpp:170:     request_handler()]: [32m[REQEUST 0/3247] Index:  52 API:      _cudaFree_ Size:     0
[0m[MMP][mmp_fn.cpp:170:     request_handler()]: [32m[REQEUST 0/3247] Index:  -1 API:          _Done_ Size:     0
[0m[MMP][mmp_fn.cpp:173:     request_handler()]: [32mSwap-in/out Done
[0m[MMP][mmp_fn.cpp:170:     request_handler()]: [32m[REQEUST 1/3248] Index:  55 API:    _cudaMalloc_ Size:  4000
[0m[MMP][mmp_fn.cpp:251:             swapout()]: [32m[SWAP OUT] Victim: 3247, Size: 4000, Index: 53 to 53
[0m[MMP][mmp_fn.cpp:170:     request_handler()]: [32m[REQEUST 0/3247] Index:  53 API:      _cudaFree_ Size:     0
[0m[MMP][mmp_fn.cpp:170:     request_handler()]: [32m[REQEUST 0/3247] Index:  -1 API:          _Done_ Size:     0
[0m[MMP][mmp_fn.cpp:173:     request_handler()]: [32mSwap-in/out Done
[0m[MMP][mmp_fn.cpp:170:     request_handler()]: [32m[REQEUST 1/3248] Index:  -1 API:          _Done_ Size:     0
[0m[MMP][mmp_fn.cpp:173:     request_handler()]: [32mSwap-in/out Done
[0m[MMP][mmp_fn.cpp:170:     request_handler()]: [32m[REQEUST 1/3248] Index:  -1 API:          _Done_ Size:     0
[0m[MMP][mmp_fn.cpp:173:     request_handler()]: [32mSwap-in/out Done
[0m[MMP][mmp_fn.cpp:170:     request_handler()]: [32m[REQEUST 0/3247] Index:  56 API:    _cudaMalloc_ Size:  4000
[0m[MMP][mmp_fn.cpp:251:             swapout()]: [32m[SWAP OUT] Victim: 3248, Size: 4000, Index: 48 to 48
[0m[MMP][mmp_fn.cpp:170:     request_handler()]: [32m[REQEUST 1/3248] Index:  48 API:      _cudaFree_ Size:     0
[0m[MMP][mmp_fn.cpp:170:     request_handler()]: [32m[REQEUST 1/3248] Index:  -1 API:          _Done_ Size:     0
[0m[MMP][mmp_fn.cpp:173:     request_handler()]: [32mSwap-in/out Done
[0m[MMP][mmp_fn.cpp:170:     request_handler()]: [32m[REQEUST 0/3247] Index:  57 API:    _cudaMalloc_ Size:  4000
[0m[MMP][mmp_fn.cpp:251:             swapout()]: [32m[SWAP OUT] Victim: 3248, Size: 4000, Index: 49 to 49
[0m[MMP][mmp_fn.cpp:170:     request_handler()]: [32m[REQEUST 1/3248] Index:  49 API:      _cudaFree_ Size:     0
[0m[MMP][mmp_fn.cpp:170:     request_handler()]: [32m[REQEUST 1/3248] Index:  -1 API:          _Done_ Size:     0
[0m[MMP][mmp_fn.cpp:173:     request_handler()]: [32mSwap-in/out Done
[0m[MMP][mmp_fn.cpp:170:     request_handler()]: [32m[REQEUST 0/3247] Index:  58 API:    _cudaMalloc_ Size:  4000
[0m[MMP][mmp_fn.cpp:251:             swapout()]: [32m[SWAP OUT] Victim: 3248, Size: 4000, Index: 50 to 50
[0m[MMP][mmp_fn.cpp:170:     request_handler()]: [32m[REQEUST 1/3248] Index:  50 API:      _cudaFree_ Size:     0
[0m[MMP][mmp_fn.cpp:170:     request_handler()]: [32m[REQEUST 1/3248] Index:  -1 API:          _Done_ Size:     0
[0m[MMP][mmp_fn.cpp:173:     request_handler()]: [32mSwap-in/out Done
[0m[MMP][mmp_fn.cpp:170:     request_handler()]: [32m[REQEUST 0/3247] Index:  59 API:    _cudaMalloc_ Size:  4000
[0m[MMP][mmp_fn.cpp:251:             swapout()]: [32m[SWAP OUT] Victim: 3248, Size: 4000, Index: 51 to 51
[0m[MMP][mmp_fn.cpp:170:     request_handler()]: [32m[REQEUST 1/3248] Index:  51 API:      _cudaFree_ Size:     0
[0m[MMP][mmp_fn.cpp:170:     request_handler()]: [32m[REQEUST 1/3248] Index:  -1 API:          _Done_ Size:     0
[0m[MMP][mmp_fn.cpp:173:     request_handler()]: [32mSwap-in/out Done
[0m[MMP][mmp_fn.cpp:170:     request_handler()]: [32m[REQEUST 0/3247] Index:  60 API:    _cudaMalloc_ Size:  4000
[0m[MMP][mmp_fn.cpp:251:             swapout()]: [32m[SWAP OUT] Victim: 3248, Size: 4000, Index: 52 to 52
[0m[MMP][mmp_fn.cpp:170:     request_handler()]: [32m[REQEUST 1/3248] Index:  52 API:      _cudaFree_ Size:     0
[0m[MMP][mmp_fn.cpp:170:     request_handler()]: [32m[REQEUST 1/3248] Index:  -1 API:          _Done_ Size:     0
[0m[MMP][mmp_fn.cpp:173:     request_handler()]: [32mSwap-in/out Done
[0m[MMP][mmp_fn.cpp:170:     request_handler()]: [32m[REQEUST 0/3247] Index:  61 API:    _cudaMalloc_ Size:  4000
[0m[MMP][mmp_fn.cpp:251:             swapout()]: [32m[SWAP OUT] Victim: 3248, Size: 4000, Index: 53 to 53
[0m[MMP][mmp_fn.cpp:170:     request_handler()]: [32m[REQEUST 1/3248] Index:  53 API:      _cudaFree_ Size:     0
[0m[MMP][mmp_fn.cpp:170:     request_handler()]: [32m[REQEUST 1/3248] Index:  -1 API:          _Done_ Size:     0
[0m[MMP][mmp_fn.cpp:173:     request_handler()]: [32mSwap-in/out Done
[0m[MMP][mmp_fn.cpp:170:     request_handler()]: [32m[REQEUST 0/3247] Index:  -1 API:          _Done_ Size:     0
[0m[MMP][mmp_fn.cpp:173:     request_handler()]: [32mSwap-in/out Done
[0m